#
# There is insufficient memory for the Java Runtime Environment to continue.
# Native memory allocation (malloc) failed to allocate 1048576 bytes for AllocateHeap
# Possible reasons:
#   The system is out of physical RAM or swap space
#   The process is running with CompressedOops enabled, and the Java Heap may be blocking the growth of the native heap
# Possible solutions:
#   Reduce memory load on the system
#   Increase physical memory or swap space
#   Check if swap backing store is full
#   Decrease Java heap size (-Xmx/-Xms)
#   Decrease number of Java threads
#   Decrease Java thread stack sizes (-Xss)
#   Set larger code cache with -XX:ReservedCodeCacheSize=
#   JVM is running with Zero Based Compressed Oops mode in which the Java heap is
#     placed in the first 32GB address space. The Java Heap base address is the
#     maximum limit for the native heap growth. Please use -XX:HeapBaseMinAddress
#     to set the Java Heap base and to place the Java Heap above 32GB virtual address.
# This output file may be truncated or incomplete.
#
#  Out of Memory Error (memory/allocation.inline.hpp:61), pid=54672, tid=0x000000000000b90c
#
# JRE version:  (8.0_291-b10) (build )
# Java VM: Java HotSpot(TM) 64-Bit Server VM (25.291-b10 mixed mode windows-amd64 compressed oops)
# Failed to write core dump. Minidumps are not enabled by default on client versions of Windows
#

---------------  T H R E A D  ---------------

Current thread (0x0000028899d18000):  JavaThread "Unknown thread" [_thread_in_vm, id=47372, stack(0x000000fa81600000,0x000000fa81700000)]

Stack: [0x000000fa81600000,0x000000fa81700000]
Native frames: (J=compiled Java code, j=interpreted, Vv=VM code, C=native code)
V  [jvm.dll+0x32ea19]
V  [jvm.dll+0x275462]
V  [jvm.dll+0x27610d]
V  [jvm.dll+0x26cb45]
V  [jvm.dll+0x509d]
V  [jvm.dll+0x3c9b4c]
V  [jvm.dll+0x3c5ec7]
V  [jvm.dll+0xfcaff]
V  [jvm.dll+0x209dfb]
V  [jvm.dll+0x238827]
V  [jvm.dll+0x1625b6]
C  [java.exe+0x2312]
C  [java.exe+0x15f54]
C  [KERNEL32.DLL+0x17034]
C  [ntdll.dll+0x52651]


---------------  P R O C E S S  ---------------

Java Threads: ( => current thread )

Other Threads:

=>0x0000028899d18000 (exited) JavaThread "Unknown thread" [_thread_in_vm, id=47372, stack(0x000000fa81600000,0x000000fa81700000)]

VM state:not at safepoint (normal execution)

VM Mutex/Monitor currently owned by a thread: None

heap address: 0x00000006c4600000, size: 4026 MB, Compressed Oops mode: Zero based, Oop shift amount: 3
Narrow klass base: 0x0000000000000000, Narrow klass shift: 3
Compressed class space size: 1073741824 Address: 0x00000007c0000000

Heap:
 PSYoungGen      total 75264K, used 1290K [0x000000076c200000, 0x0000000771600000, 0x00000007c0000000)
  eden space 64512K, 2% used [0x000000076c200000,0x000000076c342900,0x0000000770100000)
  from space 10752K, 0% used [0x0000000770b80000,0x0000000770b80000,0x0000000771600000)
  to   space 10752K, 0% used [0x0000000770100000,0x0000000770100000,0x0000000770b80000)
 ParOldGen       total 172032K, used 0K [0x00000006c4600000, 0x00000006cee00000, 0x000000076c200000)
  object space 172032K, 0% used [0x00000006c4600000,0x00000006c4600000,0x00000006cee00000)
 Metaspace       used 753K, capacity 4480K, committed 4480K, reserved 1056768K
  class space    used 76K, capacity 384K, committed 384K, reserved 1048576K

Card table byte_map: [0x00000288aab90000,0x00000288ab370000] byte_map_base: 0x00000288a756d000

Marking Bits: (ParMarkBitMap*) 0x000000005f867fe0
 Begin Bits: [0x00000288ab8b0000, 0x00000288af798000)
 End Bits:   [0x00000288af798000, 0x00000288b3680000)

Polling page: 0x000002889b7a0000

CodeCache: size=245760Kb used=328Kb max_used=328Kb free=245431Kb
 bounds [0x000002889b7d0000, 0x000002889ba40000, 0x00000288aa7d0000]
 total_blobs=58 nmethods=0 adapters=38
 compilation: enabled

Compilation events (0 events):
No events

GC Heap History (0 events):
No events

Deoptimization events (0 events):
No events

Classes redefined (0 events):
No events

Internal exceptions (0 events):
No events

Events (10 events):
Event: 0.141 loading class java/lang/Short
Event: 0.141 loading class java/lang/Short done
Event: 0.141 loading class java/lang/Integer
Event: 0.141 loading class java/lang/Integer done
Event: 0.141 loading class java/lang/Long
Event: 0.141 loading class java/lang/Long done
Event: 0.142 loading class java/lang/NullPointerException
Event: 0.142 loading class java/lang/NullPointerException done
Event: 0.142 loading class java/lang/ArithmeticException
Event: 0.142 loading class java/lang/ArithmeticException done


Dynamic libraries:
0x00007ff73c570000 - 0x00007ff73c5b7000 	C:\Program Files\Java\jre1.8.0_291\bin\java.exe
0x00007ffce5cd0000 - 0x00007ffce5ec5000 	C:\Windows\SYSTEM32\ntdll.dll
0x00007ffce4a70000 - 0x00007ffce4b2e000 	C:\Windows\System32\KERNEL32.DLL
0x00007ffce3840000 - 0x00007ffce3b08000 	C:\Windows\System32\KERNELBASE.dll
0x00007ffce3e80000 - 0x00007ffce3f2c000 	C:\Windows\System32\ADVAPI32.dll
0x00007ffce4210000 - 0x00007ffce42ae000 	C:\Windows\System32\msvcrt.dll
0x00007ffce3f90000 - 0x00007ffce402b000 	C:\Windows\System32\sechost.dll
0x00007ffce3d50000 - 0x00007ffce3e7a000 	C:\Windows\System32\RPCRT4.dll
0x00007ffce5360000 - 0x00007ffce5501000 	C:\Windows\System32\USER32.dll
0x00007ffce3bb0000 - 0x00007ffce3bd2000 	C:\Windows\System32\win32u.dll
0x00007ffce3d20000 - 0x00007ffce3d4b000 	C:\Windows\System32\GDI32.dll
0x00007ffce3c10000 - 0x00007ffce3d1b000 	C:\Windows\System32\gdi32full.dll
0x00007ffce3b10000 - 0x00007ffce3bad000 	C:\Windows\System32\msvcp_win.dll
0x00007ffce3600000 - 0x00007ffce3700000 	C:\Windows\System32\ucrtbase.dll
0x00007ffcce440000 - 0x00007ffcce6da000 	C:\Windows\WinSxS\amd64_microsoft.windows.common-controls_6595b64144ccf1df_6.0.19041.1110_none_60b5254171f9507e\COMCTL32.dll
0x00007ffce42b0000 - 0x00007ffce42e0000 	C:\Windows\System32\IMM32.DLL
0x0000000068000000 - 0x000000006806f000 	C:\Windows\System32\QIPCAP64.dll
0x00007ffce5510000 - 0x00007ffce5c4f000 	C:\Windows\System32\SHELL32.dll
0x00007ffce2800000 - 0x00007ffce28cb000 	C:\Windows\SYSTEM32\DNSAPI.dll
0x00007ffce27c0000 - 0x00007ffce27fb000 	C:\Windows\SYSTEM32\IPHLPAPI.DLL
0x00007ffce5c60000 - 0x00007ffce5c68000 	C:\Windows\System32\NSI.dll
0x00007ffcb0f20000 - 0x00007ffcb0f35000 	C:\Program Files\Java\jre1.8.0_291\bin\vcruntime140.dll
0x00007ffcb0e80000 - 0x00007ffcb0f1b000 	C:\Program Files\Java\jre1.8.0_291\bin\msvcp140.dll
0x000000005f080000 - 0x000000005f8e0000 	C:\Program Files\Java\jre1.8.0_291\bin\server\jvm.dll
0x00007ffce5c50000 - 0x00007ffce5c58000 	C:\Windows\System32\PSAPI.DLL
0x00007ffcc6f30000 - 0x00007ffcc6f39000 	C:\Windows\SYSTEM32\WSOCK32.dll
0x00007ffcdcd20000 - 0x00007ffcdcd2a000 	C:\Windows\SYSTEM32\VERSION.dll
0x00007ffcd3430000 - 0x00007ffcd3457000 	C:\Windows\SYSTEM32\WINMM.dll
0x00007ffce42e0000 - 0x00007ffce434b000 	C:\Windows\System32\WS2_32.dll
0x00007ffce1db0000 - 0x00007ffce1dc2000 	C:\Windows\SYSTEM32\kernel.appcore.dll
0x00007ffca8870000 - 0x00007ffca8880000 	C:\Program Files\Java\jre1.8.0_291\bin\verify.dll
0x00007ffca8840000 - 0x00007ffca886b000 	C:\Program Files\Java\jre1.8.0_291\bin\java.dll
0x00007ffca8820000 - 0x00007ffca8838000 	C:\Program Files\Java\jre1.8.0_291\bin\zip.dll
0x00007ffce1900000 - 0x00007ffce1ae4000 	C:\Windows\SYSTEM32\dbghelp.dll
0x00000288b5030000 - 0x00000288b50b3000 	C:\Windows\System32\bcryptPrimitives.dll

VM Arguments:
java_command: <unknown>
java_class_path (initial): C:\Program Files (x86)\IBM\WebSphere MQ\java\lib\com.ibm.mqjms.jar;C:\Program Files (x86)\IBM\WebSphere MQ\java\lib\com.ibm.mq.jar
Launcher Type: SUN_STANDARD

Environment Variables:
CLASSPATH=C:\Program Files (x86)\IBM\WebSphere MQ\java\lib\com.ibm.mqjms.jar;C:\Program Files (x86)\IBM\WebSphere MQ\java\lib\com.ibm.mq.jar
PATH=C:/Program Files/Java/jre1.8.0_291/bin/server;C:/Program Files/Java/jre1.8.0_291/bin;C:/Program Files/Java/jre1.8.0_291/lib/amd64;C:\Program Files\Common Files\Oracle\Java\javapath;C:\Program Files (x86)\IBM\WebSphere MQ\java\lib;C:\Program Files (x86)\IBM\WebSphere MQ\java\lib64;C:\Program Files (x86)\Common Files\Oracle\Java\javapath;C:\Windows\system32;C:\Windows;C:\Windows\System32\Wbem;C:\Windows\System32\WindowsPowerShell\v1.0\;C:\Windows\System32\OpenSSH\;C:\Program Files\TortoiseSVN\bin;C:\Program Files\TortoiseGit\bin;C:\Program Files (x86)\Microsoft SQL Server\150\DTS\Binn\;C:\Program Files\Intel\WiFi\bin\;C:\Program Files\Common Files\Intel\WirelessCommon\;C:\Program Files (x86)\IBM\WebSphere MQ\bin64;C:\Program Files (x86)\IBM\WebSphere MQ\bin;C:\Program Files (x86)\IBM\WebSphere MQ\tools\c\samples\bin;C:\Program Files\PuTTY\;C:\Program Files\nodejs\;C:\allure-2.15.0\bin;C:\apache-maven-3.8.3\bin;C:\Users\Dinesh.Kanna\AppData\Local\Microsoft\WindowsApps;C:\Users\Dinesh.Kanna\AppData\Local\Programs\Git\cmd;D:\Software\eclipse-jee-photon-R-win32-x86_64\eclipse;
USERNAME=Dinesh.Kanna
OS=Windows_NT
PROCESSOR_IDENTIFIER=Intel64 Family 6 Model 142 Stepping 12, GenuineIntel



---------------  S Y S T E M  ---------------

OS: Windows 10.0 , 64 bit Build 19041 (10.0.19041.1348)

CPU:total 8 (initial active 8) (4 cores per cpu, 2 threads per core) family 6 model 142 stepping 12, cmov, cx8, fxsr, mmx, sse, sse2, sse3, ssse3, sse4.1, sse4.2, popcnt, avx, avx2, aes, clmul, erms, 3dnowpref, lzcnt, ht, tsc, tscinvbit, bmi1, bmi2, adx

Memory: 4k page, physical 16486664k(3819064k free), swap 34861444k(5136k free)

vm_info: Java HotSpot(TM) 64-Bit Server VM (25.291-b10) for windows-amd64 JRE (1.8.0_291-b10), built on Apr  9 2021 00:02:00 by "java_re" with MS VC++ 15.9 (VS2017)

time: Mon Nov 22 18:52:55 2021
timezone: India Standard Time
elapsed time: 0.160431 seconds (0d 0h 0m 0s)

