2021-11-22 16:09:13-main--INFO -testcases.HomePage:Make a reservation on qatest1
  2021-11-22 16:09:31-main--INFO -testcases.HomePage:Date In and Out given
  2021-11-22 16:09:35-main--INFO -testcases.HomePage:image test ended
  2021-11-22 16:17:59-main--INFO -testcases.HomePage:Make a reservation on qatest1
  2021-11-22 16:18:08-main--INFO -testcases.HomePage:Date In and Out given
  2021-11-22 16:31:20-main--INFO -testcases.HomePage:Make a reservation on qatest1
  2021-11-22 16:31:30-main--INFO -testcases.HomePage:Date In and Out given
  2021-11-22 16:33:56-main--INFO -testcases.HomePage:Make a reservation on qatest1
  2021-11-22 16:34:04-main--INFO -testcases.HomePage:Date In and Out given
  2021-11-22 16:34:17-main--INFO -testcases.HomePage:image test ended
  2021-11-22 16:43:52-main--INFO -testcases.HomePage:Make a reservation on qatest1
  2021-11-22 16:44:00-main--INFO -testcases.HomePage:Date In and Out given
  2021-11-22 16:45:12-main--INFO -testcases.HomePage:Make a reservation on qatest1
  2021-11-22 16:45:20-main--INFO -testcases.HomePage:Date In and Out given
  2021-11-22 16:47:27-main--INFO -testcases.HomePage:Date In and Out given
  2021-11-22 16:51:04-main--INFO -testcases.HomePage:Make a reservation on qatest1
  2021-11-22 16:51:12-main--INFO -testcases.HomePage:Date In and Out given
  2021-11-22 16:53:08-main--INFO -testcases.HomePage:Date In and Out given
  2021-11-22 16:59:36-main--INFO -testcases.HomePage:Make a reservation on qatest1
  2021-11-22 16:59:44-main--INFO -testcases.HomePage:Date In and Out given
  2021-11-22 17:20:11-main--INFO -testcases.HomePage:Date In and Out given
  2021-11-22 18:51:10-main--INFO -testcases.HomePage:Date In and Out given
  2021-11-22 18:52:43-main--INFO -testcases.HomePage:Date In and Out given
  2021-11-22 18:56:11-main--INFO -testcases.HomePage:Date In and Out given
  2021-11-22 18:56:34-main--INFO -testcases.HomePage:fisrt page test ended
  2021-11-22 18:57:28-main--INFO -testcases.HomePage:Date In and Out given
  2021-11-22 18:57:51-main--INFO -testcases.HomePage:fisrt page test ended
  2021-11-22 18:58:48-main--INFO -testcases.HomePage:Date In and Out given
  2021-11-22 18:59:11-main--INFO -testcases.HomePage:fisrt page test ended
  2021-11-22 19:00:35-main--INFO -testcases.HomePage:Date In and Out given
  2021-11-22 19:00:57-main--INFO -testcases.HomePage:fisrt page test ended
  2021-11-22 19:02:26-main--INFO -testcases.HomePage:Date In and Out given
  2021-11-22 19:02:49-main--INFO -testcases.HomePage:fisrt page test ended
  2021-11-22 19:12:17-main--INFO -testcases.HomePage:Date In and Out given
  2021-11-22 19:12:37-main--INFO -testcases.HomePage:fisrt page test ended
  2021-11-22 19:29:53-main--INFO -testcases.HomePage:Date In and Out given
  2021-11-22 19:30:21-main--INFO -testcases.HomePage:fisrt page test ended
  2021-11-22 20:06:36-main--INFO -testcases.HomePage:Date In and Out given
  2021-11-22 20:06:59-main--INFO -testcases.HomePage:fisrt page test ended
  2021-11-22 23:38:52-main--INFO -testcases.HomePage:Date In and Out given
  2021-11-22 23:44:36-main--INFO -testcases.HomePage:Date In and Out given
  2021-11-22 23:46:11-main--INFO -testcases.HomePage:Date In and Out given
  2021-11-22 23:46:58-main--INFO -testcases.HomePage:Date In and Out given
  2021-11-23 00:05:02-main--INFO -testcases.HomePage:Date In and Out given
  2021-11-23 00:13:24-main--INFO -testcases.HomePage:Date In and Out given
  2021-11-23 07:09:57-main--INFO -testcases.HomePage:Date In and Out given
  2021-11-23 08:57:06-main--INFO -testcases.HomePage:Date In and Out given
  2021-11-23 08:59:18-main--INFO -testcases.HomePage:Date In and Out given
  2021-11-23 09:01:27-main--INFO -testcases.HomePage:Date In and Out given
  2021-11-23 09:01:50-main--INFO -testcases.HomePage:fisrt page test ended
  2021-11-23 09:13:26-main--INFO -testcases.HomePage:Booking Started
  2021-11-23 09:30:13-main--INFO -testcases.HomePage:Cancel Reservation started
  2021-11-23 09:34:19-main--INFO -testcases.HomePage:Cancel Reservation started
  2021-11-23 09:34:19-main--INFO -testcases.HomePage:Cancel Reservation done
  2021-11-23 09:34:43-main--INFO -testcases.HomePage:Cancel Reservation started
  2021-11-23 09:34:43-main--INFO -testcases.HomePage:Cancel Reservation done
  2021-11-23 09:53:00-main--INFO -testcases.HomePage:Cancel Reservation started
  2021-11-23 09:53:03-main--INFO -testcases.HomePage:Cancel Reservation done
  2021-11-23 10:06:40-main--INFO -testcases.HomePage:Cancel Reservation started
  2021-11-23 10:06:45-main--INFO -testcases.HomePage:Cancel Reservation done
  2021-11-23 10:10:58-main--INFO -testcases.HomePage:Booking Started
  2021-11-23 10:11:21-main--INFO -testcases.HomePage:Booking Ended
  2021-11-23 10:13:36-main--INFO -testcases.HomePage:Cancel Reservation started
  2021-11-23 10:13:41-main--INFO -testcases.HomePage:Cancel Reservation done
  2021-11-23 10:18:20-main--INFO -testcases.HomePage:Cancel Reservation started
  2021-11-23 10:18:24-main--INFO -testcases.HomePage:Cancel Reservation done
  2021-11-23 10:19:39-main--INFO -testcases.HomePage:Cancel Reservation started
  